# JRE version: OpenJDK Runtime Environment (15.0.1+9) (build 15.0.1+9-18)
# Java VM: OpenJDK 64-Bit Server VM (15.0.1+9-18, mixed mode, tiered, compressed oops, g1 gc, windows-amd64)
GC Precious Log:
 CPUs: 8 total, 8 available
 Memory: 16272M
 Large Page Support: Disabled
 NUMA Support: Disabled
 Compressed Oops: Enabled (Zero based)
 Heap Region Size: 2M
 Heap Min Capacity: 8M
 Heap Initial Capacity: 256M
 Heap Max Capacity: 4070M
 Pre-touch: Disabled
 Parallel Workers: 8
 Concurrent Workers: 2
 Concurrent Refinement Workers: 8
 Periodic GC: Disabled
Heap:
 garbage-first heap   total 40960K, used 22134K [0x0000000701a00000, 0x0000000800000000)
  region size 2048K, 9 young (18432K), 2 survivors (4096K)
 Metaspace       used 27777K, capacity 28060K, committed 28336K, reserved 1075200K
  class space    used 2830K, capacity 2946K, committed 3072K, reserved 1048576K
GC Heap History (8 events):
Event: 0.714 GC heap before
{Heap before GC invocations=0 (full 0):
 garbage-first heap   total 262144K, used 20480K [0x0000000701a00000, 0x0000000800000000)
  region size 2048K, 11 young (22528K), 0 survivors (0K)
 Metaspace       used 12309K, capacity 12479K, committed 12672K, reserved 1060864K
  class space    used 1104K, capacity 1152K, committed 1152K, reserved 1048576K
}
Event: 0.718 GC heap after
{Heap after GC invocations=1 (full 0):
 garbage-first heap   total 262144K, used 6290K [0x0000000701a00000, 0x0000000800000000)
  region size 2048K, 2 young (4096K), 2 survivors (4096K)
 Metaspace       used 12309K, capacity 12479K, committed 12672K, reserved 1060864K
  class space    used 1104K, capacity 1152K, committed 1152K, reserved 1048576K
}
Event: 1.042 GC heap before
{Heap before GC invocations=1 (full 0):
 garbage-first heap   total 262144K, used 30866K [0x0000000701a00000, 0x0000000800000000)
  region size 2048K, 14 young (28672K), 2 survivors (4096K)
 Metaspace       used 16214K, capacity 16410K, committed 16512K, reserved 1064960K
  class space    used 1580K, capacity 1626K, committed 1664K, reserved 1048576K
}
Event: 1.046 GC heap after
{Heap after GC invocations=2 (full 0):
 garbage-first heap   total 262144K, used 7727K [0x0000000701a00000, 0x0000000800000000)
  region size 2048K, 1 young (2048K), 1 survivors (2048K)
 Metaspace       used 16214K, capacity 16410K, committed 16512K, reserved 1064960K
  class space    used 1580K, capacity 1626K, committed 1664K, reserved 1048576K
}
Event: 1.383 GC heap before
{Heap before GC invocations=2 (full 0):
 garbage-first heap   total 262144K, used 50735K [0x0000000701a00000, 0x0000000800000000)
  region size 2048K, 23 young (47104K), 1 survivors (2048K)
 Metaspace       used 20971K, capacity 21199K, committed 21296K, reserved 1069056K
  class space    used 2082K, capacity 2157K, committed 2176K, reserved 1048576K
}
Event: 1.385 GC heap after
{Heap after GC invocations=3 (full 0):
 garbage-first heap   total 262144K, used 8174K [0x0000000701a00000, 0x0000000800000000)
  region size 2048K, 1 young (2048K), 1 survivors (2048K)
 Metaspace       used 20971K, capacity 21199K, committed 21296K, reserved 1069056K
  class space    used 2082K, capacity 2157K, committed 2176K, reserved 1048576K
}
Event: 1.761 GC heap before
{Heap before GC invocations=4 (full 0):
 garbage-first heap   total 40960K, used 30702K [0x0000000701a00000, 0x0000000800000000)
  region size 2048K, 12 young (24576K), 1 survivors (2048K)
 Metaspace       used 24924K, capacity 25139K, committed 25392K, reserved 1073152K
  class space    used 2519K, capacity 2592K, committed 2688K, reserved 1048576K
}
Event: 1.765 GC heap after
{Heap after GC invocations=5 (full 0):
 garbage-first heap   total 40960K, used 9846K [0x0000000701a00000, 0x0000000800000000)
  region size 2048K, 2 young (4096K), 2 survivors (4096K)
 Metaspace       used 24924K, capacity 25139K, committed 25392K, reserved 1073152K
  class space    used 2519K, capacity 2592K, committed 2688K, reserved 1048576K
}

